<?xml version="1.0" encoding="UTF-8"?>
<!-- Generated by org.testng.reporters.JUnitReportReporter -->
<testsuite skipped="0" hostname="DL078" name="ideliverStaging.TestCases.TC_1_LoginFeature" tests="2" failures="0" timestamp="05 Sep 2017 11:36:14 GMT" time="50.123" errors="0">
  <testcase name="tc_1_login" time="28.217" classname="ideliverStaging.TestCases.TC_1_LoginFeature"/>
  <testcase name="tc_1_login" time="21.906" classname="ideliverStaging.TestCases.TC_1_LoginFeature"/>
</testsuite> <!-- ideliverStaging.TestCases.TC_1_LoginFeature -->
