<?xml version="1.0" encoding="UTF-8"?>
<!-- Generated by org.testng.reporters.JUnitReportReporter -->
<testsuite hostname="DL078" name="ideliverStaging.TestCases.TC_1_LoginFeature" tests="2" failures="0" timestamp="5 Sep 2017 11:49:05 GMT" time="41.894" errors="0">
  <testcase name="tc_1_login" time="14.616" classname="ideliverStaging.TestCases.TC_1_LoginFeature"/>
  <testcase name="tc_1_login" time="27.278" classname="ideliverStaging.TestCases.TC_1_LoginFeature"/>
</testsuite> <!-- ideliverStaging.TestCases.TC_1_LoginFeature -->
